<?xml version="1.0" encoding="UTF-8"?>
<!-- Generated by org.testng.reporters.JUnitReportReporter -->
<testsuite hostname="EPINPUNW00A1" failures="0" tests="6" name="com.typicode.test.TypicodeTest" time="54.739" errors="0" timestamp="25 May 2023 05:43:33 GMT">
  <testcase classname="com.typicode.test.TypicodeTest" name="typicode_test_030_deleteResourceUsers" time="8.817"/>
  <testcase classname="com.typicode.test.TypicodeTest" name="typicode_test_027_deleteResourceAlbums" time="9.046"/>
  <testcase classname="com.typicode.test.TypicodeTest" name="typicode_test_029_deleteResourceTodos" time="8.861"/>
  <testcase classname="com.typicode.test.TypicodeTest" name="typicode_test_026_deleteResourceComments" time="8.827"/>
  <testcase classname="com.typicode.test.TypicodeTest" name="typicode_test_028_deleteResourcePhotos" time="9.343"/>
  <testcase classname="com.typicode.test.TypicodeTest" name="typicode_test_025_deleteResourcePosts" time="9.845"/>
</testsuite> <!-- com.typicode.test.TypicodeTest -->
