<?xml version="1.0" encoding="UTF-8"?>
<!-- Generated by org.testng.reporters.JUnitReportReporter -->
<testsuite hostname="EPINPUNW00A1" failures="0" tests="36" name="com.typicode.test.TypicodeTest3" time="374.464" errors="0" timestamp="27 May 2023 05:37:41 GMT">
  <testcase classname="com.typicode.test.TypicodeTest3" name="typicode_test_009_verifyResourceAlbumsSpecificId" time="8.423"/>
  <testcase classname="com.typicode.test.TypicodeTest3" name="typicode_test_017_updateResourceTodosSpecificId" time="9.147"/>
  <testcase classname="com.typicode.test.TypicodeTest3" name="typicode_test_033_createResourceAlbums" time="9.008"/>
  <testcase classname="com.typicode.test.TypicodeTest3" name="typicode_test_023_createResourceTodos" time="9.072"/>
  <testcase classname="com.typicode.test.TypicodeTest3" name="typicode_test_025_deleteResourcePosts" time="8.971"/>
  <testcase classname="com.typicode.test.TypicodeTest3" name="typicode_test_015_updateResourceAlbumsSpecificId" time="8.879"/>
  <testcase classname="com.typicode.test.TypicodeTest3" name="typicode_test_016_updateResourcePhotosSpecificId" time="9.145"/>
  <testcase classname="com.typicode.test.TypicodeTest3" name="typicode_test_026_deleteResourceComments" time="8.994"/>
  <testcase classname="com.typicode.test.TypicodeTest3" name="typicode_test_035_createResourceTodos" time="8.980"/>
  <testcase classname="com.typicode.test.TypicodeTest3" name="typicode_test_007_verifyResourceUsersAllId" time="8.334"/>
  <testcase classname="com.typicode.test.TypicodeTest3" name="typicode_test_013_updateResourcePostsSpecificId" time="9.147"/>
  <testcase classname="com.typicode.test.TypicodeTest3" name="typicode_test_021_createResourceAlbums" time="9.046"/>
  <testcase classname="com.typicode.test.TypicodeTest3" name="typicode_test_010_verifyResourcePhotosSpecificId" time="20.811"/>
  <testcase classname="com.typicode.test.TypicodeTest3" name="typicode_test_034_createResourcePhotos" time="9.147"/>
  <testcase classname="com.typicode.test.TypicodeTest3" name="typicode_test_036_createResourceUsers" time="8.980"/>
  <testcase classname="com.typicode.test.TypicodeTest3" name="typicode_test_028_deleteResourcePhotos" time="8.915"/>
  <testcase classname="com.typicode.test.TypicodeTest3" name="typicode_test_030_deleteResourceUsers" time="8.925"/>
  <testcase classname="com.typicode.test.TypicodeTest3" name="typicode_test_032_createResourceComments" time="9.194"/>
  <testcase classname="com.typicode.test.TypicodeTest3" name="typicode_test_002_verifyResourcePostsAllId" time="10.940"/>
  <testcase classname="com.typicode.test.TypicodeTest3" name="typicode_test_006_verifyResourceTodosAllId" time="8.977"/>
  <testcase classname="com.typicode.test.TypicodeTest3" name="typicode_test_014_updateResourceCommentsSpecificId" time="8.946"/>
  <testcase classname="com.typicode.test.TypicodeTest3" name="typicode_test_008_verifyResourceCommentsSpecificId" time="9.250"/>
  <testcase classname="com.typicode.test.TypicodeTest3" name="typicode_test_001_verifyResourcePostsSpecificId" time="10.386"/>
  <testcase classname="com.typicode.test.TypicodeTest3" name="typicode_test_024_createResourceUsers" time="9.063"/>
  <testcase classname="com.typicode.test.TypicodeTest3" name="typicode_test_029_deleteResourceTodos" time="9.006"/>
  <testcase classname="com.typicode.test.TypicodeTest3" name="typicode_test_012_verifyResourceUsersSpecificId" time="8.279"/>
  <testcase classname="com.typicode.test.TypicodeTest3" name="typicode_test_004_verifyResourceAlbumsAllId" time="8.845"/>
  <testcase classname="com.typicode.test.TypicodeTest3" name="typicode_test_005_verifyResourcePhotosAllId" time="41.294"/>
  <testcase classname="com.typicode.test.TypicodeTest3" name="typicode_test_019_createResourcePosts" time="9.116"/>
  <testcase classname="com.typicode.test.TypicodeTest3" name="typicode_test_020_createResourceComments" time="9.175"/>
  <testcase classname="com.typicode.test.TypicodeTest3" name="typicode_test_003_verifyResourceCommentsAllId" time="12.653"/>
  <testcase classname="com.typicode.test.TypicodeTest3" name="typicode_test_027_deleteResourceAlbums" time="9.012"/>
  <testcase classname="com.typicode.test.TypicodeTest3" name="typicode_test_011_verifyResourceTodosSpecificId" time="8.615"/>
  <testcase classname="com.typicode.test.TypicodeTest3" name="typicode_test_031_createResourcePosts" time="9.631"/>
  <testcase classname="com.typicode.test.TypicodeTest3" name="typicode_test_022_createResourcePhotos" time="9.154"/>
  <testcase classname="com.typicode.test.TypicodeTest3" name="typicode_test_018_updateResourceUsersSpecificId" time="9.004"/>
</testsuite> <!-- com.typicode.test.TypicodeTest3 -->
