<?xml version="1.0" encoding="UTF-8"?>
<!-- Generated by org.testng.reporters.JUnitReportReporter -->
<testsuite hostname="EPINPUNW00A1" failures="0" tests="36" name="com.typicode.test.TypicodeTest3" time="315.378" errors="0" timestamp="28 May 2023 11:06:31 GMT">
  <testcase classname="com.typicode.test.TypicodeTest3" name="typicode_test_030_deleteResourceUsers" time="8.767"/>
  <testcase classname="com.typicode.test.TypicodeTest3" name="typicode_test_014_updateResourceCommentsSpecificId" time="8.996"/>
  <testcase classname="com.typicode.test.TypicodeTest3" name="typicode_test_020_createResourceComments" time="8.968"/>
  <testcase classname="com.typicode.test.TypicodeTest3" name="typicode_test_024_createResourceUsers" time="8.976"/>
  <testcase classname="com.typicode.test.TypicodeTest3" name="typicode_test_003_verifyResourceCommentsAllId" time="8.276"/>
  <testcase classname="com.typicode.test.TypicodeTest3" name="typicode_test_009_verifyResourceAlbumsSpecificId" time="8.150"/>
  <testcase classname="com.typicode.test.TypicodeTest3" name="typicode_test_002_verifyResourcePostsAllId" time="8.176"/>
  <testcase classname="com.typicode.test.TypicodeTest3" name="typicode_test_026_deleteResourceComments" time="8.847"/>
  <testcase classname="com.typicode.test.TypicodeTest3" name="typicode_test_006_verifyResourceTodosAllId" time="8.797"/>
  <testcase classname="com.typicode.test.TypicodeTest3" name="typicode_test_035_createResourceTodos" time="8.872"/>
  <testcase classname="com.typicode.test.TypicodeTest3" name="typicode_test_016_updateResourcePhotosSpecificId" time="9.007"/>
  <testcase classname="com.typicode.test.TypicodeTest3" name="typicode_test_008_verifyResourceCommentsSpecificId" time="8.234"/>
  <testcase classname="com.typicode.test.TypicodeTest3" name="typicode_test_031_createResourcePosts" time="8.962"/>
  <testcase classname="com.typicode.test.TypicodeTest3" name="typicode_test_032_createResourceComments" time="8.951"/>
  <testcase classname="com.typicode.test.TypicodeTest3" name="typicode_test_023_createResourceTodos" time="8.956"/>
  <testcase classname="com.typicode.test.TypicodeTest3" name="typicode_test_029_deleteResourceTodos" time="8.827"/>
  <testcase classname="com.typicode.test.TypicodeTest3" name="typicode_test_013_updateResourcePostsSpecificId" time="9.559"/>
  <testcase classname="com.typicode.test.TypicodeTest3" name="typicode_test_005_verifyResourcePhotosAllId" time="8.551"/>
  <testcase classname="com.typicode.test.TypicodeTest3" name="typicode_test_018_updateResourceUsersSpecificId" time="8.892"/>
  <testcase classname="com.typicode.test.TypicodeTest3" name="typicode_test_034_createResourcePhotos" time="9.380"/>
  <testcase classname="com.typicode.test.TypicodeTest3" name="typicode_test_019_createResourcePosts" time="8.961"/>
  <testcase classname="com.typicode.test.TypicodeTest3" name="typicode_test_017_updateResourceTodosSpecificId" time="8.925"/>
  <testcase classname="com.typicode.test.TypicodeTest3" name="typicode_test_021_createResourceAlbums" time="8.984"/>
  <testcase classname="com.typicode.test.TypicodeTest3" name="typicode_test_022_createResourcePhotos" time="9.012"/>
  <testcase classname="com.typicode.test.TypicodeTest3" name="typicode_test_010_verifyResourcePhotosSpecificId" time="8.344"/>
  <testcase classname="com.typicode.test.TypicodeTest3" name="typicode_test_001_verifyResourcePostsSpecificId" time="9.336"/>
  <testcase classname="com.typicode.test.TypicodeTest3" name="typicode_test_025_deleteResourcePosts" time="8.814"/>
  <testcase classname="com.typicode.test.TypicodeTest3" name="typicode_test_033_createResourceAlbums" time="8.911"/>
  <testcase classname="com.typicode.test.TypicodeTest3" name="typicode_test_012_verifyResourceUsersSpecificId" time="8.123"/>
  <testcase classname="com.typicode.test.TypicodeTest3" name="typicode_test_028_deleteResourcePhotos" time="8.835"/>
  <testcase classname="com.typicode.test.TypicodeTest3" name="typicode_test_015_updateResourceAlbumsSpecificId" time="8.881"/>
  <testcase classname="com.typicode.test.TypicodeTest3" name="typicode_test_011_verifyResourceTodosSpecificId" time="8.136"/>
  <testcase classname="com.typicode.test.TypicodeTest3" name="typicode_test_027_deleteResourceAlbums" time="8.805"/>
  <testcase classname="com.typicode.test.TypicodeTest3" name="typicode_test_036_createResourceUsers" time="8.823"/>
  <testcase classname="com.typicode.test.TypicodeTest3" name="typicode_test_004_verifyResourceAlbumsAllId" time="8.170"/>
  <testcase classname="com.typicode.test.TypicodeTest3" name="typicode_test_007_verifyResourceUsersAllId" time="8.174"/>
</testsuite> <!-- com.typicode.test.TypicodeTest3 -->
